<?xml version="1.0" encoding="UTF-8"?>
<!-- Generated by org.testng.reporters.JUnitXMLReporter -->
<testsuite ignored="0" hostname="QZ-LT-021" failures="1" tests="200" name="Default test" time="1570.19" errors="0" timestamp="2024-12-30T15:17:24 IST">
  <testcase classname="executionClasses.TestStudentRegistration" name="studentRegistration" time="6.69"/>
  <testcase classname="executionClasses.TestStudentRegistration" name="studentRegistration" time="6.172"/>
  <testcase classname="executionClasses.TestStudentRegistration" name="studentRegistration" time="5.589"/>
  <testcase classname="executionClasses.TestStudentRegistration" name="studentRegistration" time="6.069"/>
  <testcase classname="executionClasses.TestStudentRegistration" name="studentRegistration" time="5.059"/>
  <testcase classname="executionClasses.TestStudentRegistration" name="studentRegistration" time="4.914"/>
  <testcase classname="executionClasses.TestStudentRegistration" name="studentRegistration" time="5.599"/>
  <testcase classname="executionClasses.TestStudentRegistration" name="studentRegistration" time="5.565"/>
  <testcase classname="executionClasses.TestStudentRegistration" name="studentRegistration" time="5.861"/>
  <testcase classname="executionClasses.TestStudentRegistration" name="studentRegistration" time="6.104"/>
  <testcase classname="executionClasses.TestStudentRegistration" name="studentRegistration" time="6.265"/>
  <testcase classname="executionClasses.TestStudentRegistration" name="studentRegistration" time="4.774"/>
  <testcase classname="executionClasses.TestStudentRegistration" name="studentRegistration" time="5.967"/>
  <testcase classname="executionClasses.TestStudentRegistration" name="studentRegistration" time="4.905"/>
  <testcase classname="executionClasses.TestStudentRegistration" name="studentRegistration" time="5.08"/>
  <testcase classname="executionClasses.TestStudentRegistration" name="studentRegistration" time="4.54"/>
  <testcase classname="executionClasses.TestStudentRegistration" name="studentRegistration" time="5.018"/>
  <testcase classname="executionClasses.TestStudentRegistration" name="studentRegistration" time="6.028"/>
  <testcase classname="executionClasses.TestStudentRegistration" name="studentRegistration" time="6.018"/>
  <testcase classname="executionClasses.TestStudentRegistration" name="studentRegistration" time="5.907"/>
  <testcase classname="executionClasses.TestStudentRegistration" name="studentRegistration" time="6.123"/>
  <testcase classname="executionClasses.TestStudentRegistration" name="studentRegistration" time="6.068"/>
  <testcase classname="executionClasses.TestStudentRegistration" name="studentRegistration" time="6.189"/>
  <testcase classname="executionClasses.TestStudentRegistration" name="studentRegistration" time="6.084"/>
  <testcase classname="executionClasses.TestStudentRegistration" name="studentRegistration" time="6.114"/>
  <testcase classname="executionClasses.TestStudentRegistration" name="studentRegistration" time="6.262"/>
  <testcase classname="executionClasses.TestStudentRegistration" name="studentRegistration" time="6.074"/>
  <testcase classname="executionClasses.TestStudentRegistration" name="studentRegistration" time="6.182"/>
  <testcase classname="executionClasses.TestStudentRegistration" name="studentRegistration" time="6.085"/>
  <testcase classname="executionClasses.TestStudentRegistration" name="studentRegistration" time="5.992"/>
  <testcase classname="executionClasses.TestStudentRegistration" name="studentRegistration" time="6.023"/>
  <testcase classname="executionClasses.TestStudentRegistration" name="studentRegistration" time="6.289"/>
  <testcase classname="executionClasses.TestStudentRegistration" name="studentRegistration" time="6.484"/>
  <testcase classname="executionClasses.TestStudentRegistration" name="studentRegistration" time="6.745"/>
  <testcase classname="executionClasses.TestStudentRegistration" name="studentRegistration" time="7.084"/>
  <testcase classname="executionClasses.TestStudentRegistration" name="studentRegistration" time="7.317"/>
  <testcase classname="executionClasses.TestStudentRegistration" name="studentRegistration" time="7.554"/>
  <testcase classname="executionClasses.TestStudentRegistration" name="studentRegistration" time="8.152"/>
  <testcase classname="executionClasses.TestStudentRegistration" name="studentRegistration" time="8.351"/>
  <testcase classname="executionClasses.TestStudentRegistration" name="studentRegistration" time="8.295"/>
  <testcase classname="executionClasses.TestStudentRegistration" name="studentRegistration" time="8.669"/>
  <testcase classname="executionClasses.TestStudentRegistration" name="studentRegistration" time="8.911"/>
  <testcase classname="executionClasses.TestStudentRegistration" name="studentRegistration" time="9.193"/>
  <testcase classname="executionClasses.TestStudentRegistration" name="studentRegistration" time="6.047"/>
  <testcase classname="executionClasses.TestStudentRegistration" name="studentRegistration" time="6.05"/>
  <testcase classname="executionClasses.TestStudentRegistration" name="studentRegistration" time="6.068"/>
  <testcase classname="executionClasses.TestStudentRegistration" name="studentRegistration" time="5.96"/>
  <testcase classname="executionClasses.TestStudentRegistration" name="studentRegistration" time="5.952"/>
  <testcase classname="executionClasses.TestStudentRegistration" name="studentRegistration" time="5.82"/>
  <testcase classname="executionClasses.TestStudentRegistration" name="studentRegistration" time="6.264"/>
  <testcase classname="executionClasses.TestStudentRegistration" name="studentRegistration" time="6.203"/>
  <testcase classname="executionClasses.TestStudentRegistration" name="studentRegistration" time="5.969"/>
  <testcase classname="executionClasses.TestStudentRegistration" name="studentRegistration" time="6.224"/>
  <testcase classname="executionClasses.TestStudentRegistration" name="studentRegistration" time="5.901"/>
  <testcase classname="executionClasses.TestStudentRegistration" name="studentRegistration" time="5.985"/>
  <testcase classname="executionClasses.TestStudentRegistration" name="studentRegistration" time="6.088"/>
  <testcase classname="executionClasses.TestStudentRegistration" name="studentRegistration" time="6.193"/>
  <testcase classname="executionClasses.TestStudentRegistration" name="studentRegistration" time="6.293"/>
  <testcase classname="executionClasses.TestStudentRegistration" name="studentRegistration" time="6.128"/>
  <testcase classname="executionClasses.TestStudentRegistration" name="studentRegistration" time="6.325"/>
  <testcase classname="executionClasses.TestStudentRegistration" name="studentRegistration" time="5.101"/>
  <testcase classname="executionClasses.TestStudentRegistration" name="studentRegistration" time="4.753"/>
  <testcase classname="executionClasses.TestStudentRegistration" name="studentRegistration" time="4.726"/>
  <testcase classname="executionClasses.TestStudentRegistration" name="studentRegistration" time="4.894"/>
  <testcase classname="executionClasses.TestStudentRegistration" name="studentRegistration" time="4.245"/>
  <testcase classname="executionClasses.TestStudentRegistration" name="studentRegistration" time="3.741"/>
  <testcase classname="executionClasses.TestStudentRegistration" name="studentRegistration" time="3.757"/>
  <testcase classname="executionClasses.TestStudentRegistration" name="studentRegistration" time="3.714"/>
  <testcase classname="executionClasses.TestStudentRegistration" name="studentRegistration" time="3.622"/>
  <testcase classname="executionClasses.TestStudentRegistration" name="studentRegistration" time="3.547"/>
  <testcase classname="executionClasses.TestStudentRegistration" name="studentRegistration" time="3.552"/>
  <testcase classname="executionClasses.TestStudentRegistration" name="studentRegistration" time="5.706"/>
  <testcase classname="executionClasses.TestStudentRegistration" name="studentRegistration" time="5.762"/>
  <testcase classname="executionClasses.TestStudentRegistration" name="studentRegistration" time="5.769"/>
  <testcase classname="executionClasses.TestStudentRegistration" name="studentRegistration" time="5.565"/>
  <testcase classname="executionClasses.TestStudentRegistration" name="studentRegistration" time="5.331"/>
  <testcase classname="executionClasses.TestStudentRegistration" name="studentRegistration" time="4.584"/>
  <testcase classname="executionClasses.TestStudentRegistration" name="studentRegistration" time="3.661"/>
  <testcase classname="executionClasses.TestStudentRegistration" name="studentRegistration" time="4.074"/>
  <testcase classname="executionClasses.TestStudentRegistration" name="studentRegistration" time="4.099"/>
  <testcase classname="executionClasses.TestStudentRegistration" name="studentRegistration" time="4.1"/>
  <testcase classname="executionClasses.TestStudentRegistration" name="studentRegistration" time="6.866"/>
  <testcase classname="executionClasses.TestStudentRegistration" name="studentRegistration" time="6.872"/>
  <testcase classname="executionClasses.TestStudentRegistration" name="studentRegistration" time="7.004"/>
  <testcase classname="executionClasses.TestStudentRegistration" name="studentRegistration" time="6.981"/>
  <testcase classname="executionClasses.TestStudentRegistration" name="studentRegistration" time="7.054"/>
  <testcase classname="executionClasses.TestStudentRegistration" name="studentRegistration" time="6.921"/>
  <testcase classname="executionClasses.TestStudentRegistration" name="studentRegistration" time="7.0"/>
  <testcase classname="executionClasses.TestStudentRegistration" name="studentRegistration" time="6.895"/>
  <testcase classname="executionClasses.TestStudentRegistration" name="studentRegistration" time="6.899"/>
  <testcase classname="executionClasses.TestStudentRegistration" name="studentRegistration" time="6.802"/>
  <testcase classname="executionClasses.TestStudentRegistration" name="studentRegistration" time="6.837"/>
  <testcase classname="executionClasses.TestStudentRegistration" name="studentRegistration" time="6.861"/>
  <testcase classname="executionClasses.TestStudentRegistration" name="studentRegistration" time="6.99"/>
  <testcase classname="executionClasses.TestStudentRegistration" name="studentRegistration" time="7.084"/>
  <testcase classname="executionClasses.TestStudentRegistration" name="studentRegistration" time="6.964"/>
  <testcase classname="executionClasses.TestStudentRegistration" name="studentRegistration" time="6.956"/>
  <testcase classname="executionClasses.TestStudentRegistration" name="studentRegistration" time="5.9"/>
  <testcase classname="executionClasses.TestStudentRegistration" name="studentRegistration" time="5.765"/>
  <testcase classname="executionClasses.TestStudentRegistration" name="studentRegistration" time="5.68"/>
  <testcase classname="executionClasses.TestStudentRegistration" name="studentRegistration" time="6.386"/>
  <testcase classname="executionClasses.TestStudentRegistration" name="studentRegistration" time="5.763"/>
  <testcase classname="executionClasses.TestStudentRegistration" name="studentRegistration" time="5.671"/>
  <testcase classname="executionClasses.TestStudentRegistration" name="studentRegistration" time="6.748"/>
  <testcase classname="executionClasses.TestStudentRegistration" name="studentRegistration" time="6.873"/>
  <testcase classname="executionClasses.TestStudentRegistration" name="studentRegistration" time="5.743"/>
  <testcase classname="executionClasses.TestStudentRegistration" name="studentRegistration" time="6.941"/>
  <testcase classname="executionClasses.TestStudentRegistration" name="studentRegistration" time="6.918"/>
  <testcase classname="executionClasses.TestStudentRegistration" name="studentRegistration" time="6.903"/>
  <testcase classname="executionClasses.TestStudentRegistration" name="studentRegistration" time="5.735"/>
  <testcase classname="executionClasses.TestStudentRegistration" name="studentRegistration" time="7.25"/>
  <testcase classname="executionClasses.TestStudentRegistration" name="studentRegistration" time="7.12"/>
  <testcase classname="executionClasses.TestStudentRegistration" name="studentRegistration" time="6.075"/>
  <testcase classname="executionClasses.TestStudentRegistration" name="studentRegistration" time="6.141"/>
  <testcase classname="executionClasses.TestStudentRegistration" name="studentRegistration" time="7.362"/>
  <testcase classname="executionClasses.TestStudentRegistration" name="studentRegistration" time="7.4"/>
  <testcase classname="executionClasses.TestStudentRegistration" name="studentRegistration" time="6.308"/>
  <testcase classname="executionClasses.TestStudentRegistration" name="studentRegistration" time="5.644"/>
  <testcase classname="executionClasses.TestStudentRegistration" name="studentRegistration" time="6.065"/>
  <testcase classname="executionClasses.TestStudentRegistration" name="studentRegistration" time="6.101"/>
  <testcase classname="executionClasses.TestStudentRegistration" name="studentRegistration" time="6.183"/>
  <testcase classname="executionClasses.TestStudentRegistration" name="studentRegistration" time="6.208"/>
  <testcase classname="executionClasses.TestStudentRegistration" name="studentRegistration" time="7.252"/>
  <testcase classname="executionClasses.TestStudentRegistration" name="studentRegistration" time="7.857"/>
  <testcase classname="executionClasses.TestStudentRegistration" name="studentRegistration" time="6.338"/>
  <testcase classname="executionClasses.TestStudentRegistration" name="studentRegistration" time="6.303"/>
  <testcase classname="executionClasses.TestStudentRegistration" name="studentRegistration" time="6.276"/>
  <testcase classname="executionClasses.TestStudentRegistration" name="studentRegistration" time="6.695"/>
  <testcase classname="executionClasses.TestStudentRegistration" name="studentRegistration" time="6.633"/>
  <testcase classname="executionClasses.TestStudentRegistration" name="studentRegistration" time="8.094"/>
  <testcase classname="executionClasses.TestStudentRegistration" name="studentRegistration" time="8.168"/>
  <testcase classname="executionClasses.TestStudentRegistration" name="studentRegistration" time="7.879"/>
  <testcase classname="executionClasses.TestStudentRegistration" name="studentRegistration" time="7.837"/>
  <testcase classname="executionClasses.TestStudentRegistration" name="studentRegistration" time="7.716"/>
  <testcase classname="executionClasses.TestStudentRegistration" name="studentRegistration" time="7.976"/>
  <testcase classname="executionClasses.TestStudentRegistration" name="studentRegistration" time="7.948"/>
  <testcase classname="executionClasses.TestStudentRegistration" name="studentRegistration" time="7.874"/>
  <testcase classname="executionClasses.TestStudentRegistration" name="studentRegistration" time="8.398"/>
  <testcase classname="executionClasses.TestStudentRegistration" name="studentRegistration" time="8.067"/>
  <testcase classname="executionClasses.TestStudentRegistration" name="studentRegistration" time="8.079"/>
  <testcase classname="executionClasses.TestStudentRegistration" name="studentRegistration" time="8.083"/>
  <testcase classname="executionClasses.TestStudentRegistration" name="studentRegistration" time="8.158"/>
  <testcase classname="executionClasses.TestStudentRegistration" name="studentRegistration" time="8.266"/>
  <testcase classname="executionClasses.TestStudentRegistration" name="studentRegistration" time="8.394"/>
  <testcase classname="executionClasses.TestStudentRegistration" name="studentRegistration" time="8.542"/>
  <testcase classname="executionClasses.TestStudentRegistration" name="studentRegistration" time="8.074"/>
  <testcase classname="executionClasses.TestStudentRegistration" name="studentRegistration" time="8.113"/>
  <testcase classname="executionClasses.TestStudentRegistration" name="studentRegistration" time="8.458"/>
  <testcase classname="executionClasses.TestStudentRegistration" name="studentRegistration" time="8.543"/>
  <testcase classname="executionClasses.TestStudentRegistration" name="studentRegistration" time="8.552"/>
  <testcase classname="executionClasses.TestStudentRegistration" name="studentRegistration" time="8.485"/>
  <testcase classname="executionClasses.TestStudentRegistration" name="studentRegistration" time="8.723"/>
  <testcase classname="executionClasses.TestStudentRegistration" name="studentRegistration" time="8.413"/>
  <testcase classname="executionClasses.TestStudentRegistration" name="studentRegistration" time="8.319"/>
  <testcase classname="executionClasses.TestStudentRegistration" name="studentRegistration" time="8.468"/>
  <testcase classname="executionClasses.TestStudentRegistration" name="studentRegistration" time="8.649"/>
  <testcase classname="executionClasses.TestStudentRegistration" name="studentRegistration" time="8.503"/>
  <testcase classname="executionClasses.TestStudentRegistration" name="studentRegistration" time="8.845"/>
  <testcase classname="executionClasses.TestStudentRegistration" name="studentRegistration" time="9.064"/>
  <testcase classname="executionClasses.TestStudentRegistration" name="studentRegistration" time="8.716"/>
  <testcase classname="executionClasses.TestStudentRegistration" name="studentRegistration" time="8.648"/>
  <testcase classname="executionClasses.TestStudentRegistration" name="studentRegistration" time="8.702"/>
  <testcase classname="executionClasses.TestStudentRegistration" name="studentRegistration" time="8.994"/>
  <testcase classname="executionClasses.TestStudentRegistration" name="studentRegistration" time="8.735"/>
  <testcase classname="executionClasses.TestStudentRegistration" name="studentRegistration" time="8.882"/>
  <testcase classname="executionClasses.TestStudentRegistration" name="studentRegistration" time="9.032"/>
  <testcase classname="executionClasses.TestStudentRegistration" name="studentRegistration" time="8.748"/>
  <testcase classname="executionClasses.TestStudentRegistration" name="studentRegistration" time="7.885"/>
  <testcase classname="executionClasses.TestStudentRegistration" name="studentRegistration" time="8.363"/>
  <testcase classname="executionClasses.TestStudentRegistration" name="studentRegistration" time="9.254"/>
  <testcase classname="executionClasses.TestStudentRegistration" name="studentRegistration" time="9.207"/>
  <testcase classname="executionClasses.TestStudentRegistration" name="studentRegistration" time="9.243"/>
  <testcase classname="executionClasses.TestStudentRegistration" name="studentRegistration" time="9.347"/>
  <testcase classname="executionClasses.TestStudentRegistration" name="studentRegistration" time="9.055"/>
  <testcase classname="executionClasses.TestStudentRegistration" name="studentRegistration" time="9.251"/>
  <testcase classname="executionClasses.TestStudentRegistration" name="studentRegistration" time="9.239"/>
  <testcase classname="executionClasses.TestStudentRegistration" name="studentRegistration" time="9.391"/>
  <testcase classname="executionClasses.TestStudentRegistration" name="studentRegistration" time="9.42"/>
  <testcase classname="executionClasses.TestStudentRegistration" name="studentRegistration" time="9.462"/>
  <testcase classname="executionClasses.TestStudentRegistration" name="studentRegistration" time="9.564"/>
  <testcase classname="executionClasses.TestStudentRegistration" name="studentRegistration" time="9.324"/>
  <testcase classname="executionClasses.TestStudentRegistration" name="studentRegistration" time="9.635"/>
  <testcase classname="executionClasses.TestStudentRegistration" name="studentRegistration" time="9.678"/>
  <testcase classname="executionClasses.TestStudentRegistration" name="studentRegistration" time="9.754"/>
  <testcase classname="executionClasses.TestStudentRegistration" name="studentRegistration" time="9.813"/>
  <testcase classname="executionClasses.TestStudentRegistration" name="studentRegistration" time="9.758"/>
  <testcase classname="executionClasses.TestStudentRegistration" name="studentRegistration" time="9.954"/>
  <testcase classname="executionClasses.TestStudentRegistration" name="studentRegistration" time="9.649"/>
  <testcase classname="executionClasses.TestStudentRegistration" name="studentRegistration" time="6.9"/>
  <testcase classname="executionClasses.TestStudentRegistration" name="studentRegistration" time="6.957"/>
  <testcase classname="executionClasses.TestStudentRegistration" name="studentRegistration" time="7.043"/>
  <testcase classname="executionClasses.TestStudentRegistration" name="studentRegistration" time="7.074"/>
  <testcase classname="executionClasses.TestStudentRegistration" name="studentRegistration" time="7.148"/>
  <testcase classname="executionClasses.TestStudentRegistration" name="studentRegistration" time="7.166"/>
  <testcase classname="executionClasses.TestStudentRegistration" name="studentRegistration" time="6.795"/>
  <testcase classname="executionClasses.TestStudentRegistration" name="studentRegistration" time="6.826"/>
  <testcase classname="executionClasses.TestStudentRegistration" name="studentRegistration" time="6.932"/>
  <testcase classname="executionClasses.TestStudentRegistration" name="studentRegistration" time="6.992"/>
  <testcase classname="executionClasses.TestStudentRegistration" name="studentRegistration" time="7.067"/>
  <testcase classname="executionClasses.TestStudentRegistration" name="studentRegistration" time="6.955">
    <failure type="org.openqa.selenium.NoSuchElementException" message="no such element: Unable to locate element: {&amp;quot;method&amp;quot;:&amp;quot;xpath&amp;quot;,&amp;quot;selector&amp;quot;:&amp;quot;//button[contains(text(),&amp;apos;Close&amp;apos;)]&amp;quot;}
  (Session info: chrome=131.0.6778.204)
For documentation on this error, please visit: https://www.selenium.dev/documentation/webdriver/troubleshooting/errors#no-such-element-exception
Build info: version: &amp;apos;4.27.0&amp;apos;, revision: &amp;apos;d6e718d134&amp;apos;
System info: os.name: &amp;apos;Windows 11&amp;apos;, os.arch: &amp;apos;amd64&amp;apos;, os.version: &amp;apos;10.0&amp;apos;, java.version: &amp;apos;17.0.12&amp;apos;
Driver info: org.openqa.selenium.chrome.ChromeDriver
Command: [c4415081b24c4796867df92b25632002, findElement {using=xpath, value=//button[contains(text(),&amp;apos;Close&amp;apos;)]}]
Capabilities {acceptInsecureCerts: false, browserName: chrome, browserVersion: 131.0.6778.204, chrome: {chromedriverVersion: 131.0.6778.204 (52183f9e99a..., userDataDir: C:\Users\QUALIZ~1\AppData\L...}, fedcm:accounts: true, goog:chromeOptions: {debuggerAddress: localhost:62388}, networkConnectionEnabled: false, pageLoadStrategy: normal, platformName: windows, proxy: Proxy(), se:cdp: ws://localhost:62388/devtoo..., se:cdpVersion: 131.0.6778.204, setWindowRect: true, strictFileInteractability: false, timeouts: {implicit: 0, pageLoad: 300000, script: 30000}, unhandledPromptBehavior: dismiss and notify, webauthn:extension:credBlob: true, webauthn:extension:largeBlob: true, webauthn:extension:minPinLength: true, webauthn:extension:prf: true, webauthn:virtualAuthenticators: true}
Session ID: c4415081b24c4796867df92b25632002">
      <![CDATA[org.openqa.selenium.NoSuchElementException: no such element: Unable to locate element: {"method":"xpath","selector":"//button[contains(text(),'Close')]"}
  (Session info: chrome=131.0.6778.204)
For documentation on this error, please visit: https://www.selenium.dev/documentation/webdriver/troubleshooting/errors#no-such-element-exception
Build info: version: '4.27.0', revision: 'd6e718d134'
System info: os.name: 'Windows 11', os.arch: 'amd64', os.version: '10.0', java.version: '17.0.12'
Driver info: org.openqa.selenium.chrome.ChromeDriver
Command: [c4415081b24c4796867df92b25632002, findElement {using=xpath, value=//button[contains(text(),'Close')]}]
Capabilities {acceptInsecureCerts: false, browserName: chrome, browserVersion: 131.0.6778.204, chrome: {chromedriverVersion: 131.0.6778.204 (52183f9e99a..., userDataDir: C:\Users\QUALIZ~1\AppData\L...}, fedcm:accounts: true, goog:chromeOptions: {debuggerAddress: localhost:62388}, networkConnectionEnabled: false, pageLoadStrategy: normal, platformName: windows, proxy: Proxy(), se:cdp: ws://localhost:62388/devtoo..., se:cdpVersion: 131.0.6778.204, setWindowRect: true, strictFileInteractability: false, timeouts: {implicit: 0, pageLoad: 300000, script: 30000}, unhandledPromptBehavior: dismiss and notify, webauthn:extension:credBlob: true, webauthn:extension:largeBlob: true, webauthn:extension:minPinLength: true, webauthn:extension:prf: true, webauthn:virtualAuthenticators: true}
Session ID: c4415081b24c4796867df92b25632002
at java.base/jdk.internal.reflect.NativeConstructorAccessorImpl.newInstance0(Native Method)
at java.base/jdk.internal.reflect.NativeConstructorAccessorImpl.newInstance(NativeConstructorAccessorImpl.java:77)
at java.base/jdk.internal.reflect.DelegatingConstructorAccessorImpl.newInstance(DelegatingConstructorAccessorImpl.java:45)
at java.base/java.lang.reflect.Constructor.newInstanceWithCaller(Constructor.java:499)
at java.base/java.lang.reflect.Constructor.newInstance(Constructor.java:480)
at org.openqa.selenium.remote.ErrorCodec.decode(ErrorCodec.java:167)
at org.openqa.selenium.remote.codec.w3c.W3CHttpResponseCodec.decode(W3CHttpResponseCodec.java:138)
at org.openqa.selenium.remote.codec.w3c.W3CHttpResponseCodec.decode(W3CHttpResponseCodec.java:50)
at org.openqa.selenium.remote.HttpCommandExecutor.execute(HttpCommandExecutor.java:190)
at org.openqa.selenium.remote.service.DriverCommandExecutor.invokeExecute(DriverCommandExecutor.java:216)
at org.openqa.selenium.remote.service.DriverCommandExecutor.execute(DriverCommandExecutor.java:174)
at org.openqa.selenium.remote.RemoteWebDriver.execute(RemoteWebDriver.java:545)
at org.openqa.selenium.remote.ElementLocation$ElementFinder$2.findElement(ElementLocation.java:165)
at org.openqa.selenium.remote.ElementLocation.findElement(ElementLocation.java:59)
at org.openqa.selenium.remote.RemoteWebDriver.findElement(RemoteWebDriver.java:368)
at org.openqa.selenium.remote.RemoteWebDriver.findElement(RemoteWebDriver.java:362)
at org.openqa.selenium.support.pagefactory.DefaultElementLocator.findElement(DefaultElementLocator.java:68)
at org.openqa.selenium.support.pagefactory.internal.LocatingElementHandler.invoke(LocatingElementHandler.java:38)
at jdk.proxy2/jdk.proxy2.$Proxy15.isDisplayed(Unknown Source)
at utilsClass.SeleniumHelpers.click(SeleniumHelpers.java:33)
at pageObjects.StudentRegistrationFormPage.passOrfail(StudentRegistrationFormPage.java:186)
at pageObjects.StudentRegistrationFormPage.register(StudentRegistrationFormPage.java:210)
at executionClasses.TestStudentRegistration.studentRegistration(TestStudentRegistration.java:40)
at jdk.internal.reflect.GeneratedMethodAccessor7.invoke(Unknown Source)
at java.base/jdk.internal.reflect.DelegatingMethodAccessorImpl.invoke(DelegatingMethodAccessorImpl.java:43)
at java.base/java.lang.reflect.Method.invoke(Method.java:568)
at org.testng.internal.MethodInvocationHelper.invokeMethod(MethodInvocationHelper.java:133)
at org.testng.internal.TestInvoker.invokeMethod(TestInvoker.java:598)
at org.testng.internal.TestInvoker.invokeTestMethod(TestInvoker.java:173)
at org.testng.internal.MethodRunner.runInSequence(MethodRunner.java:46)
at org.testng.internal.TestInvoker$MethodInvocationAgent.invoke(TestInvoker.java:824)
at org.testng.internal.TestInvoker.invokeTestMethods(TestInvoker.java:146)
at org.testng.internal.TestMethodWorker.invokeTestMethods(TestMethodWorker.java:146)
at org.testng.internal.TestMethodWorker.run(TestMethodWorker.java:128)
at java.base/java.util.ArrayList.forEach(ArrayList.java:1511)
at org.testng.TestRunner.privateRun(TestRunner.java:794)
at org.testng.TestRunner.run(TestRunner.java:596)
at org.testng.SuiteRunner.runTest(SuiteRunner.java:377)
at org.testng.SuiteRunner.runSequentially(SuiteRunner.java:371)
at org.testng.SuiteRunner.privateRun(SuiteRunner.java:332)
at org.testng.SuiteRunner.run(SuiteRunner.java:276)
at org.testng.SuiteRunnerWorker.runSuite(SuiteRunnerWorker.java:53)
at org.testng.SuiteRunnerWorker.run(SuiteRunnerWorker.java:96)
at org.testng.TestNG.runSuitesSequentially(TestNG.java:1212)
at org.testng.TestNG.runSuitesLocally(TestNG.java:1134)
at org.testng.TestNG.runSuites(TestNG.java:1063)
at org.testng.TestNG.run(TestNG.java:1031)
at org.testng.remote.AbstractRemoteTestNG.run(AbstractRemoteTestNG.java:115)
at org.testng.remote.RemoteTestNG.initAndRun(RemoteTestNG.java:293)
at org.testng.remote.RemoteTestNG.main(RemoteTestNG.java:91)
]]>
    </failure>
  </testcase> <!-- studentRegistration -->
</testsuite> <!-- Default test -->
